
{"level":"info","message":"app listening on 5000","timestamp":"2024-03-06T19:15:32.774Z"}
{"level":"info","message":"app listening on 5000","timestamp":"2024-03-06T19:29:37.421Z"}
{"level":"info","message":"app listening on 5000","timestamp":"2024-03-06T19:31:07.614Z"}
{"level":"info","message":"app listening on 5000","timestamp":"2024-03-06T19:33:09.217Z"}
{"level":"info","message":"app listening on 5000","timestamp":"2024-03-06T19:34:05.584Z"}
{"level":"info","message":"app listening on 5000","timestamp":"2024-03-06T19:34:21.967Z"}
{"level":"info","message":"app listening on 5000","timestamp":"2024-03-06T19:35:27.342Z"}
{"level":"info","message":"app listening on 5000","timestamp":"2024-03-06T19:36:45.295Z"}
{"level":"info","message":"app listening on 5000","timestamp":"2024-03-06T19:43:28.559Z"}
{"level":"info","message":"app listening on 5000","timestamp":"2024-03-06T19:44:18.275Z"}
{"level":"info","message":"app listening on 5000","timestamp":"2024-03-06T19:49:57.580Z"}
{"level":"info","message":"app listening on 5000","timestamp":"2024-03-06T19:50:47.688Z"}
{"level":"info","message":"app listening on 5000","timestamp":"2024-03-06T19:59:58.417Z"}
{"level":"info","message":"app listening on 5000","timestamp":"2024-03-06T20:03:50.770Z"}
{"level":"info","message":"app listening on 5000","timestamp":"2024-03-06T20:06:39.926Z"}
{"level":"info","message":"app listening on 5000","timestamp":"2024-03-11T17:56:30.267Z"}
{"level":"info","message":"app listening on 5000","timestamp":"2024-03-11T17:58:44.819Z"}
{"level":"info","message":"app listening on 5000","timestamp":"2024-03-11T18:00:20.639Z"}
{"level":"info","message":"app listening on 5000","timestamp":"2024-03-11T18:05:13.968Z"}
{"level":"info","message":"app listening on 5000","timestamp":"2024-03-11T18:07:52.847Z"}
{"level":"info","message":"app listening on 5000","timestamp":"2024-03-11T18:12:09.049Z"}
{"level":"info","message":"ufser2 was created succesfully","timestamp":"2024-03-11T18:13:25.106Z"}
{"level":"info","message":"app listening on 5000","timestamp":"2024-03-11T18:17:50.423Z"}
{"level":"info","message":"tt was created succesfully","timestamp":"2024-03-11T18:17:58.515Z"}
{"level":"info","message":"app listening on 5000","timestamp":"2024-03-11T18:20:34.071Z"}
{"level":"info","message":"tta was created succesfully","timestamp":"2024-03-11T18:20:42.869Z"}
{"level":"info","message":"app listening on 5000","timestamp":"2024-03-11T18:25:52.608Z"}
{"level":"info","message":"ttaa was created succesfully","timestamp":"2024-03-11T18:26:00.928Z"}
{"level":"info","message":"app listening on 5000","timestamp":"2024-03-11T18:32:05.346Z"}
{"level":"error","message":"user already exists","timestamp":"2024-03-11T18:32:13.149Z"}
{"level":"error","message":"user already exists","timestamp":"2024-03-11T18:32:16.424Z"}
{"level":"error","message":"user already exists","timestamp":"2024-03-11T18:32:18.062Z"}
{"level":"error","message":"user already exists","timestamp":"2024-03-11T18:32:19.909Z"}
{"level":"error","message":"user already exists","timestamp":"2024-03-11T18:32:21.749Z"}
{"level":"info","message":"app listening on 5000","timestamp":"2024-03-11T18:33:08.703Z"}
{"level":"info","message":"app listening on 5000","timestamp":"2024-03-11T18:34:06.408Z"}
{"level":"info","message":"app listening on 5000","timestamp":"2024-03-11T18:35:09.320Z"}
{"level":"info","message":"app listening on 5000","timestamp":"2024-03-11T18:38:03.002Z"}
{"level":"info","message":"user5 logged in succesfully","timestamp":"2024-03-11T18:38:09.816Z"}
{"level":"info","message":"app listening on 5000","timestamp":"2024-03-11T18:38:53.286Z"}
{"level":"info","message":"app listening on 5000","timestamp":"2024-03-11T18:45:45.927Z"}
{"level":"info","message":"fikayo tried to update is password","timestamp":"2024-03-11T18:45:54.812Z"}
{"level":"info","message":"Email sent:","timestamp":"2024-03-11T18:45:57.267Z"}
{"level":"info","message":"app listening on 5000","timestamp":"2024-03-11T18:51:24.075Z"}
{"level":"info","message":"app listening on 5000","timestamp":"2024-03-11T18:52:34.459Z"}
{"level":"info","message":"fikayo updated his password succesfully","timestamp":"2024-03-11T18:52:42.474Z"}
{"level":"info","message":"user5 logged in succesfully","timestamp":"2024-03-11T19:00:55.210Z"}
{"level":"info","message":"app listening on 5000","timestamp":"2024-03-11T19:02:23.829Z"}
{"level":"info","message":"app listening on 5000","timestamp":"2024-03-11T19:13:23.123Z"}
{"level":"info","message":"app listening on 5000","timestamp":"2024-03-12T08:05:01.249Z"}
{"level":"info","message":"user5 logged in succesfully","timestamp":"2024-03-12T08:05:30.856Z"}
{"level":"info","message":"app listening on 5000","timestamp":"2024-03-12T08:07:28.825Z"}
{"level":"info","message":"user5 added ufser2 successfully","timestamp":"2024-03-12T08:07:35.529Z"}
{"level":"info","message":"app listening on 5000","timestamp":"2024-03-12T08:15:52.650Z"}
{"level":"info","message":"app listening on 5000","timestamp":"2024-03-12T08:16:35.165Z"}
{"level":"info","message":"app listening on 5000","timestamp":"2024-03-12T08:21:02.208Z"}
{"level":"info","message":"app listening on 5000","timestamp":"2024-03-12T08:21:59.066Z"}
{"level":"info","message":"app listening on 5000","timestamp":"2024-03-12T08:23:33.486Z"}
{"level":"info","message":"app listening on 5000","timestamp":"2024-03-12T08:24:50.104Z"}
{"level":"info","message":"app listening on 5000","timestamp":"2024-03-12T08:27:50.247Z"}
{"level":"info","message":"96f04321-27e7-46e4-a67f-ac204412a763 deleted succesfully","timestamp":"2024-03-12T08:27:56.750Z"}
{"level":"info","message":"app listening on 5000","timestamp":"2024-03-12T08:32:49.859Z"}
{"level":"error","message":"error verifying user","timestamp":"2024-03-12T08:32:49.896Z"}
{"level":"info","message":"app listening on 5000","timestamp":"2024-03-12T08:34:03.091Z"}
{"level":"error","message":"error verifying user","timestamp":"2024-03-12T08:34:03.142Z"}
{"level":"info","message":"b7b19ece-46c8-4005-942f-bf8e041b24a6 updated successfully","timestamp":"2024-03-12T08:34:03.397Z"}
{"level":"info","message":"testU1 was created succesfully","timestamp":"2024-03-12T08:40:19.688Z"}
{"level":"info","message":"app listening on 5000","timestamp":"2024-03-12T08:43:46.525Z"}
{"level":"info","message":"wallet with 16f66b1b-6635-406f-992c-c9bcbc641fd6 created successfully","timestamp":"2024-03-12T08:43:54.626Z"}
{"level":"info","message":"app listening on 5000","timestamp":"2024-03-12T08:46:07.957Z"}
{"level":"info","message":"app listening on 5000","timestamp":"2024-03-12T08:56:31.362Z"}
{"level":"info","message":"app listening on 5000","timestamp":"2024-03-12T08:57:16.031Z"}
{"level":"info","message":"app listening on 5000","timestamp":"2024-03-12T08:58:05.144Z"}
{"level":"info","message":"app listening on 5000","timestamp":"2024-03-12T08:58:27.316Z"}
{"level":"info","message":"app listening on 5000","timestamp":"2024-03-12T09:06:28.249Z"}
{"level":"info","message":"undefined deposited succesfully for testU1","timestamp":"2024-03-12T09:06:36.421Z"}
{"level":"info","message":"app listening on 5000","timestamp":"2024-03-12T09:08:49.480Z"}
{"level":"error","message":"testU1 does not have up to that amount","timestamp":"2024-03-12T09:08:58.863Z"}
{"level":"info","message":"user5 logged in succesfully","timestamp":"2024-03-12T09:12:19.501Z"}
{"level":"info","message":"app listening on 5000","timestamp":"2024-03-12T09:14:32.997Z"}
{"level":"info","message":"undefined deposited succesfully for user5","timestamp":"2024-03-12T09:14:40.676Z"}
{"level":"info","message":"app listening on 5000","timestamp":"2024-03-12T09:16:03.822Z"}
{"level":"info","message":"1000 deposited succesfully for user5","timestamp":"2024-03-12T09:16:11.262Z"}
{"level":"info","message":"app listening on 5000","timestamp":"2024-03-12T09:18:16.048Z"}
{"level":"info","message":"user5 sent 50 to monkey","timestamp":"2024-03-12T09:18:25.029Z"}
{"level":"info","message":"app listening on 5000","timestamp":"2024-03-12T09:34:52.009Z"}
{"level":"info","message":"transaction created successfully","timestamp":"2024-03-12T09:34:58.950Z"}
{"level":"info","message":"app listening on 5000","timestamp":"2024-03-12T09:39:31.714Z"}
{"level":"info","message":"app listening on 5000","timestamp":"2024-03-12T09:40:27.626Z"}
{"level":"info","message":"app listening on 5000","timestamp":"2024-03-12T09:41:31.183Z"}
{"level":"info","message":"app listening on 5000","timestamp":"2024-03-12T09:44:10.424Z"}
{"level":"info","message":"app listening on 5000","timestamp":"2024-03-12T09:45:36.783Z"}
{"level":"info","message":"app listening on 5000","timestamp":"2024-03-12T09:47:20.750Z"}
{"level":"info","message":"app listening on 5000","timestamp":"2024-03-12T09:51:11.711Z"}
{"level":"info","message":"app listening on 5000","timestamp":"2024-03-12T10:02:04.873Z"}
{"level":"error","message":"no token! access denied","timestamp":"2024-03-12T10:02:04.913Z"}
{"level":"info","message":"app listening on 5000","timestamp":"2024-03-12T10:05:00.263Z"}
{"level":"error","message":"no token! access denied","timestamp":"2024-03-12T10:05:00.298Z"}
{"level":"info","message":"app listening on 5000","timestamp":"2024-03-12T10:05:34.685Z"}
{"level":"info","message":"app listening on 5000","timestamp":"2024-03-12T10:07:01.352Z"}
{"level":"info","message":"campaign created successfully for user b7b19ece-46c8-4005-942f-bf8e041b24a6","timestamp":"2024-03-12T10:07:08.424Z"}
{"level":"info","message":"app listening on 5000","timestamp":"2024-03-12T10:12:05.937Z"}
{"level":"info","message":"app listening on 5000","timestamp":"2024-03-12T10:13:16.388Z"}
{"level":"info","message":"app listening on 5000","timestamp":"2024-03-12T10:17:24.794Z"}
{"level":"info","message":"app listening on 5000","timestamp":"2024-03-12T10:18:53.609Z"}
{"level":"info","message":"app listening on 5000","timestamp":"2024-03-12T10:20:43.583Z"}
{"level":"info","message":"app listening on 5000","timestamp":"2024-03-12T10:33:39.691Z"}
{"level":"error","message":"no token! access denied","timestamp":"2024-03-12T10:33:39.735Z"}
{"level":"error","message":"no token! access denied","timestamp":"2024-03-12T10:33:39.770Z"}
{"level":"info","message":"app listening on 5000","timestamp":"2024-03-12T10:35:25.236Z"}
{"level":"info","message":"contribution created succesfully for campaign 772b9479-f778-4329-9df6-0df984fe0bb3  ","timestamp":"2024-03-12T10:35:34.549Z"}
{"level":"info","message":"app listening on 5000","timestamp":"2024-03-12T10:36:35.507Z"}
